TN:
SF:src\modules\appointments\services\CreateAppointmentService.ts
FN:95,__decorate
FN:95,__metadata
FN:95,__param
FN:95,__awaiter
FN:95,adopt
FN:95,fulfilled
FN:95,rejected
FN:95,step
FN:95,__generator
FN:95,sent
FN:95,g.<computed>
FN:95,verb
FN:95,step
FN:95,__importDefault
FN:20,CreateAppointmentService
FN:32,CreateAppointmentService.execute
FNF:16
FNH:14
FNDA:1,__decorate
FNDA:1,__metadata
FNDA:3,__param
FNDA:7,__awaiter
FNDA:9,adopt
FNDA:9,fulfilled
FNDA:0,rejected
FNDA:11,step
FNDA:7,__generator
FNDA:9,sent
FNDA:0,g.<computed>
FNDA:21,verb
FNDA:16,step
FNDA:1,__importDefault
FNDA:5,CreateAppointmentService
FNDA:7,CreateAppointmentService.execute
DA:1,1
DA:2,1
DA:3,1
DA:4,1
DA:5,1
DA:6,1
DA:7,1
DA:8,1
DA:9,1
DA:10,1
DA:11,1
DA:12,1
DA:13,1
DA:14,1
DA:15,1
DA:16,1
DA:17,1
DA:18,1
DA:19,1
DA:20,1
DA:21,5
DA:22,5
DA:23,5
DA:24,5
DA:25,5
DA:26,5
DA:27,5
DA:28,5
DA:29,5
DA:30,5
DA:31,1
DA:32,1
DA:33,7
DA:34,7
DA:35,7
DA:36,7
DA:37,7
DA:38,7
DA:39,7
DA:40,7
DA:41,2
DA:42,2
DA:43,2
DA:44,2
DA:45,5
DA:46,7
DA:47,1
DA:48,1
DA:49,1
DA:50,1
DA:51,4
DA:52,7
DA:53,1
DA:54,1
DA:55,1
DA:56,1
DA:57,3
DA:58,3
DA:59,3
DA:60,3
DA:61,7
DA:62,7
DA:63,7
DA:64,1
DA:65,1
DA:66,2
DA:67,2
DA:68,2
DA:69,2
DA:70,2
DA:71,2
DA:72,7
DA:73,7
DA:74,7
DA:75,7
DA:76,7
DA:77,7
DA:78,7
DA:79,7
DA:80,7
DA:81,7
DA:82,7
DA:83,7
DA:84,7
DA:85,7
DA:86,7
DA:87,7
DA:88,7
DA:89,7
DA:90,7
DA:91,7
DA:92,7
DA:93,1
DA:94,1
DA:95,1
LF:95
LH:95
BRDA:95,0,0,1
BRDA:95,1,0,1
BRDA:95,2,0,0
BRDA:95,3,0,0
BRDA:95,4,0,0
BRDA:95,5,0,0
BRDA:95,6,0,1
BRDA:95,7,0,3
BRDA:95,8,0,3
BRDA:95,9,0,7
BRDA:95,10,0,9
BRDA:95,11,0,0
BRDA:95,12,0,7
BRDA:95,13,0,9
BRDA:95,14,0,8
BRDA:95,15,0,1
BRDA:95,16,0,11
BRDA:95,17,0,2
BRDA:95,18,0,9
BRDA:95,19,0,7
BRDA:95,20,0,9
BRDA:95,21,0,0
BRDA:95,22,0,21
BRDA:95,23,0,16
BRDA:95,24,0,16
BRDA:95,25,0,0
BRDA:95,26,0,32
BRDA:95,27,0,0
BRDA:95,28,0,0
BRDA:95,29,0,0
BRDA:95,30,0,0
BRDA:95,31,0,16
BRDA:95,32,0,16
BRDA:95,33,0,9
BRDA:95,34,0,0
BRDA:95,35,0,0
BRDA:95,36,0,7
BRDA:95,37,0,0
BRDA:95,38,0,2
BRDA:95,39,0,0
BRDA:95,40,0,0
BRDA:95,41,0,0
BRDA:95,42,0,0
BRDA:95,43,0,16
BRDA:95,44,0,11
BRDA:95,45,0,5
BRDA:95,46,0,16
BRDA:95,47,0,7
BRDA:95,48,0,5
BRDA:95,49,0,2
BRDA:95,50,0,0
BRDA:95,51,0,1
BRDA:95,52,0,0
BRDA:19,53,0,1
BRDA:20,54,0,5
BRDA:32,55,0,7
BRDA:95,56,0,7
BRDA:95,57,0,16
BRDA:95,58,0,7
BRDA:40,59,0,2
BRDA:44,60,0,5
BRDA:46,61,0,1
BRDA:50,62,0,4
BRDA:52,63,0,3
BRDA:52,64,0,1
BRDA:56,65,0,3
BRDA:95,66,0,3
BRDA:63,67,0,1
BRDA:65,68,0,2
BRDA:95,69,0,2
BRDA:95,70,0,2
BRDA:95,71,0,2
BRF:72
BRH:52
end_of_record
TN:
SF:src\modules\appointments\services\ListProviderAppointmentsService.ts
FN:53,__decorate
FN:53,__metadata
FN:53,__param
FN:53,__awaiter
FN:53,adopt
FN:53,fulfilled
FN:53,rejected
FN:53,step
FN:53,__generator
FN:53,sent
FN:53,g.<computed>
FN:53,verb
FN:53,step
FN:16,ListProviderAppointmentsService
FN:24,ListProviderAppointmentsService.execute
FNF:15
FNH:13
FNDA:1,__decorate
FNDA:1,__metadata
FNDA:2,__param
FNDA:1,__awaiter
FNDA:3,adopt
FNDA:3,fulfilled
FNDA:0,rejected
FNDA:4,step
FNDA:1,__generator
FNDA:3,sent
FNDA:0,g.<computed>
FNDA:3,verb
FNDA:4,step
FNDA:1,ListProviderAppointmentsService
FNDA:1,ListProviderAppointmentsService.execute
DA:1,1
DA:2,1
DA:3,1
DA:4,1
DA:5,1
DA:6,1
DA:7,1
DA:8,1
DA:9,1
DA:10,1
DA:11,1
DA:12,1
DA:13,1
DA:14,1
DA:15,1
DA:16,1
DA:17,1
DA:18,1
DA:19,1
DA:20,1
DA:21,1
DA:22,1
DA:23,1
DA:24,1
DA:25,1
DA:26,1
DA:27,1
DA:28,1
DA:29,1
DA:30,1
DA:31,1
DA:32,1
DA:33,1
DA:34,1
DA:35,1
DA:36,1
DA:37,1
DA:38,1
DA:39,1
DA:40,1
DA:41,1
DA:42,1
DA:43,1
DA:44,1
DA:45,1
DA:46,1
DA:47,1
DA:48,1
DA:49,1
DA:50,1
DA:51,1
DA:52,1
DA:53,1
LF:53
LH:53
BRDA:53,0,0,1
BRDA:53,1,0,1
BRDA:53,2,0,0
BRDA:53,3,0,0
BRDA:53,4,0,0
BRDA:53,5,0,0
BRDA:53,6,0,1
BRDA:53,7,0,2
BRDA:53,8,0,2
BRDA:53,9,0,1
BRDA:53,10,0,3
BRDA:53,11,0,0
BRDA:53,12,0,1
BRDA:53,13,0,3
BRDA:53,14,0,0
BRDA:53,15,0,4
BRDA:53,16,0,1
BRDA:53,17,0,3
BRDA:53,18,0,1
BRDA:53,19,0,3
BRDA:53,20,0,0
BRDA:53,21,0,3
BRDA:53,22,0,4
BRDA:53,23,0,4
BRDA:53,24,0,0
BRDA:53,25,0,8
BRDA:53,26,0,0
BRDA:53,27,0,0
BRDA:53,28,0,0
BRDA:53,29,0,0
BRDA:53,30,0,4
BRDA:53,31,0,4
BRDA:53,32,0,3
BRDA:53,33,0,0
BRDA:53,34,0,0
BRDA:53,35,0,1
BRDA:53,36,0,0
BRDA:53,37,0,0
BRDA:53,38,0,0
BRDA:53,39,0,0
BRDA:53,40,0,0
BRDA:53,41,0,4
BRDA:53,42,0,0
BRDA:53,43,0,4
BRDA:53,44,0,1
BRDA:53,45,0,0
BRDA:53,46,0,1
BRDA:53,47,0,0
BRDA:15,48,0,1
BRDA:16,49,0,1
BRDA:24,50,0,1
BRDA:53,51,0,1
BRDA:53,52,0,4
BRDA:53,53,0,1
BRDA:53,54,0,1
BRDA:36,55,0,0
BRDA:53,56,0,1
BRDA:53,57,0,1
BRDA:49,58,0,1
BRF:59
BRH:36
end_of_record
TN:
SF:src\modules\appointments\services\ListProviderDayAvailabilityService.ts
FN:69,__decorate
FN:69,__metadata
FN:69,__param
FN:69,__awaiter
FN:69,adopt
FN:69,fulfilled
FN:69,rejected
FN:69,step
FN:69,__generator
FN:69,sent
FN:69,g.<computed>
FN:69,verb
FN:69,step
FN:20,ListProviderDayAvailabilityService
FN:25,ListProviderDayAvailabilityService.execute
FNF:15
FNH:13
FNDA:1,__decorate
FNDA:1,__metadata
FNDA:1,__param
FNDA:1,__awaiter
FNDA:1,adopt
FNDA:1,fulfilled
FNDA:0,rejected
FNDA:2,step
FNDA:1,__generator
FNDA:1,sent
FNDA:0,g.<computed>
FNDA:3,verb
FNDA:2,step
FNDA:1,ListProviderDayAvailabilityService
FNDA:1,ListProviderDayAvailabilityService.execute
DA:1,1
DA:2,1
DA:3,1
DA:4,1
DA:5,1
DA:6,1
DA:7,1
DA:8,1
DA:9,1
DA:10,1
DA:11,1
DA:12,1
DA:13,1
DA:14,1
DA:15,1
DA:16,1
DA:17,1
DA:18,1
DA:19,1
DA:20,1
DA:21,1
DA:22,1
DA:23,1
DA:24,1
DA:25,1
DA:26,1
DA:27,1
DA:28,1
DA:29,1
DA:30,1
DA:31,1
DA:32,1
DA:33,1
DA:34,1
DA:35,1
DA:36,1
DA:37,1
DA:38,1
DA:39,1
DA:40,1
DA:41,1
DA:42,1
DA:43,1
DA:44,1
DA:45,1
DA:46,1
DA:47,1
DA:48,1
DA:49,1
DA:50,1
DA:51,10
DA:52,10
DA:53,10
DA:54,10
DA:55,10
DA:56,10
DA:57,10
DA:58,10
DA:59,10
DA:60,10
DA:61,10
DA:62,10
DA:63,1
DA:64,1
DA:65,1
DA:66,1
DA:67,1
DA:68,1
DA:69,1
LF:69
LH:69
BRDA:69,0,0,1
BRDA:69,1,0,1
BRDA:69,2,0,0
BRDA:69,3,0,0
BRDA:69,4,0,0
BRDA:69,5,0,0
BRDA:69,6,0,1
BRDA:69,7,0,1
BRDA:69,8,0,1
BRDA:69,9,0,1
BRDA:69,10,0,1
BRDA:69,11,0,0
BRDA:69,12,0,1
BRDA:69,13,0,1
BRDA:69,14,0,0
BRDA:69,15,0,2
BRDA:69,16,0,1
BRDA:69,17,0,1
BRDA:69,18,0,1
BRDA:69,19,0,1
BRDA:69,20,0,0
BRDA:69,21,0,3
BRDA:69,22,0,2
BRDA:69,23,0,2
BRDA:69,24,0,0
BRDA:69,25,0,4
BRDA:69,26,0,0
BRDA:69,27,0,0
BRDA:69,28,0,0
BRDA:69,29,0,0
BRDA:69,30,0,2
BRDA:69,31,0,2
BRDA:69,32,0,1
BRDA:69,33,0,0
BRDA:69,34,0,0
BRDA:69,35,0,1
BRDA:69,36,0,0
BRDA:69,37,0,0
BRDA:69,38,0,0
BRDA:69,39,0,0
BRDA:69,40,0,0
BRDA:69,41,0,2
BRDA:69,42,0,0
BRDA:69,43,0,2
BRDA:69,44,0,1
BRDA:69,45,0,0
BRDA:69,46,0,1
BRDA:69,47,0,0
BRDA:19,48,0,1
BRDA:20,49,0,1
BRDA:25,50,0,1
BRDA:69,51,0,1
BRDA:69,52,0,2
BRDA:31,53,0,1
BRDA:69,54,0,1
BRDA:44,55,0,10
BRDA:50,56,0,10
BRDA:61,57,0,8
BRDA:52,58,0,19
BRF:59
BRH:37
end_of_record
TN:
SF:src\modules\appointments\services\ListProviderMonthAvailabilityService.ts
FN:61,__decorate
FN:61,__metadata
FN:61,__param
FN:61,__awaiter
FN:61,adopt
FN:61,fulfilled
FN:61,rejected
FN:61,step
FN:61,__generator
FN:61,sent
FN:61,g.<computed>
FN:61,verb
FN:61,step
FN:19,ListProviderMonthAvailabilityService
FN:24,ListProviderMonthAvailabilityService.execute
FNF:15
FNH:13
FNDA:1,__decorate
FNDA:1,__metadata
FNDA:1,__param
FNDA:1,__awaiter
FNDA:1,adopt
FNDA:1,fulfilled
FNDA:0,rejected
FNDA:2,step
FNDA:1,__generator
FNDA:1,sent
FNDA:0,g.<computed>
FNDA:3,verb
FNDA:2,step
FNDA:1,ListProviderMonthAvailabilityService
FNDA:1,ListProviderMonthAvailabilityService.execute
DA:1,1
DA:2,1
DA:3,1
DA:4,1
DA:5,1
DA:6,1
DA:7,1
DA:8,1
DA:9,1
DA:10,1
DA:11,1
DA:12,1
DA:13,1
DA:14,1
DA:15,1
DA:16,1
DA:17,1
DA:18,1
DA:19,1
DA:20,1
DA:21,1
DA:22,1
DA:23,1
DA:24,1
DA:25,1
DA:26,1
DA:27,1
DA:28,1
DA:29,1
DA:30,1
DA:31,1
DA:32,1
DA:33,1
DA:34,1
DA:35,1
DA:36,1
DA:37,1
DA:38,1
DA:39,1
DA:40,1
DA:41,1
DA:42,1
DA:43,1
DA:44,1
DA:45,1
DA:46,1
DA:47,31
DA:48,341
DA:49,31
DA:50,31
DA:51,31
DA:52,31
DA:53,31
DA:54,31
DA:55,1
DA:56,1
DA:57,1
DA:58,1
DA:59,1
DA:60,1
DA:61,1
LF:61
LH:61
BRDA:61,0,0,1
BRDA:61,1,0,1
BRDA:61,2,0,0
BRDA:61,3,0,0
BRDA:61,4,0,0
BRDA:61,5,0,0
BRDA:61,6,0,1
BRDA:61,7,0,1
BRDA:61,8,0,1
BRDA:61,9,0,1
BRDA:61,10,0,1
BRDA:61,11,0,0
BRDA:61,12,0,1
BRDA:61,13,0,1
BRDA:61,14,0,0
BRDA:61,15,0,2
BRDA:61,16,0,1
BRDA:61,17,0,1
BRDA:61,18,0,1
BRDA:61,19,0,1
BRDA:61,20,0,0
BRDA:61,21,0,3
BRDA:61,22,0,2
BRDA:61,23,0,2
BRDA:61,24,0,0
BRDA:61,25,0,4
BRDA:61,26,0,0
BRDA:61,27,0,0
BRDA:61,28,0,0
BRDA:61,29,0,0
BRDA:61,30,0,2
BRDA:61,31,0,2
BRDA:61,32,0,1
BRDA:61,33,0,0
BRDA:61,34,0,0
BRDA:61,35,0,1
BRDA:61,36,0,0
BRDA:61,37,0,0
BRDA:61,38,0,0
BRDA:61,39,0,0
BRDA:61,40,0,0
BRDA:61,41,0,2
BRDA:61,42,0,0
BRDA:61,43,0,2
BRDA:61,44,0,1
BRDA:61,45,0,0
BRDA:61,46,0,1
BRDA:61,47,0,0
BRDA:18,48,0,1
BRDA:19,49,0,1
BRDA:24,50,0,1
BRDA:61,51,0,1
BRDA:61,52,0,2
BRDA:29,53,0,1
BRDA:61,54,0,1
BRDA:42,55,0,31
BRDA:46,56,0,31
BRDA:47,57,0,341
BRF:58
BRH:36
end_of_record
TN:
SF:src\modules\appointments\services\ListProvidersService.ts
FN:41,__decorate
FN:41,__metadata
FN:41,__param
FN:41,__awaiter
FN:41,adopt
FN:41,fulfilled
FN:41,rejected
FN:41,step
FN:41,__generator
FN:41,sent
FN:41,g.<computed>
FN:41,verb
FN:41,step
FN:13,ListProviderService
FN:21,ListProviderService.execute
FNF:15
FNH:13
FNDA:1,__decorate
FNDA:1,__metadata
FNDA:2,__param
FNDA:1,__awaiter
FNDA:3,adopt
FNDA:3,fulfilled
FNDA:0,rejected
FNDA:4,step
FNDA:1,__generator
FNDA:3,sent
FNDA:0,g.<computed>
FNDA:3,verb
FNDA:4,step
FNDA:1,ListProviderService
FNDA:1,ListProviderService.execute
DA:1,1
DA:2,1
DA:3,1
DA:4,1
DA:5,1
DA:6,1
DA:7,1
DA:8,1
DA:9,1
DA:10,1
DA:11,1
DA:12,1
DA:13,1
DA:14,1
DA:15,1
DA:16,1
DA:17,1
DA:18,1
DA:19,1
DA:20,1
DA:21,1
DA:22,1
DA:23,1
DA:24,1
DA:25,1
DA:26,1
DA:27,1
DA:28,1
DA:29,1
DA:30,1
DA:31,1
DA:32,1
DA:33,1
DA:34,1
DA:35,1
DA:36,1
DA:37,1
DA:38,1
DA:39,1
DA:40,1
DA:41,1
LF:41
LH:41
BRDA:41,0,0,1
BRDA:41,1,0,1
BRDA:41,2,0,0
BRDA:41,3,0,0
BRDA:41,4,0,0
BRDA:41,5,0,0
BRDA:41,6,0,1
BRDA:41,7,0,2
BRDA:41,8,0,2
BRDA:41,9,0,1
BRDA:41,10,0,3
BRDA:41,11,0,0
BRDA:41,12,0,1
BRDA:41,13,0,3
BRDA:41,14,0,0
BRDA:41,15,0,4
BRDA:41,16,0,1
BRDA:41,17,0,3
BRDA:41,18,0,1
BRDA:41,19,0,3
BRDA:41,20,0,0
BRDA:41,21,0,3
BRDA:41,22,0,4
BRDA:41,23,0,4
BRDA:41,24,0,0
BRDA:41,25,0,8
BRDA:41,26,0,0
BRDA:41,27,0,0
BRDA:41,28,0,0
BRDA:41,29,0,0
BRDA:41,30,0,4
BRDA:41,31,0,4
BRDA:41,32,0,3
BRDA:41,33,0,0
BRDA:41,34,0,0
BRDA:41,35,0,1
BRDA:41,36,0,0
BRDA:41,37,0,0
BRDA:41,38,0,0
BRDA:41,39,0,0
BRDA:41,40,0,0
BRDA:41,41,0,4
BRDA:41,42,0,0
BRDA:41,43,0,4
BRDA:41,44,0,1
BRDA:41,45,0,0
BRDA:41,46,0,1
BRDA:41,47,0,0
BRDA:12,48,0,1
BRDA:13,49,0,1
BRDA:21,50,0,1
BRDA:41,51,0,1
BRDA:41,52,0,4
BRDA:23,53,0,1
BRDA:41,54,0,1
BRDA:28,55,0,0
BRDA:41,56,0,1
BRDA:41,57,0,1
BRDA:37,58,0,1
BRF:59
BRH:36
end_of_record
TN:
SF:src\modules\users\services\AuthenticateUserService.ts
FN:76,__decorate
FN:76,__metadata
FN:76,__param
FN:76,__awaiter
FN:76,adopt
FN:76,fulfilled
FN:76,rejected
FN:76,step
FN:76,__generator
FN:76,sent
FN:76,g.<computed>
FN:76,verb
FN:76,step
FN:76,__importDefault
FN:22,AuthenticateUserService
FN:30,AuthenticateUserService.execute
FNF:16
FNH:14
FNDA:1,__decorate
FNDA:1,__metadata
FNDA:2,__param
FNDA:3,__awaiter
FNDA:5,adopt
FNDA:5,fulfilled
FNDA:0,rejected
FNDA:6,step
FNDA:3,__generator
FNDA:5,sent
FNDA:0,g.<computed>
FNDA:9,verb
FNDA:8,step
FNDA:2,__importDefault
FNDA:3,AuthenticateUserService
FNDA:3,AuthenticateUserService.execute
DA:1,1
DA:2,1
DA:3,1
DA:4,1
DA:5,1
DA:6,1
DA:7,1
DA:8,1
DA:9,1
DA:10,1
DA:11,1
DA:12,1
DA:13,1
DA:14,1
DA:15,1
DA:16,1
DA:17,1
DA:18,1
DA:19,1
DA:20,1
DA:21,1
DA:22,1
DA:23,3
DA:24,3
DA:25,3
DA:26,3
DA:27,3
DA:28,3
DA:29,1
DA:30,1
DA:31,3
DA:32,3
DA:33,3
DA:34,3
DA:35,3
DA:36,1
DA:37,1
DA:38,2
DA:39,2
DA:40,2
DA:41,2
DA:42,2
DA:43,2
DA:44,2
DA:45,3
DA:46,3
DA:47,3
DA:48,1
DA:49,1
DA:50,1
DA:51,1
DA:52,1
DA:53,1
DA:54,1
DA:55,1
DA:56,1
DA:57,1
DA:58,1
DA:59,1
DA:60,1
DA:61,1
DA:62,1
DA:63,1
DA:64,1
DA:65,1
DA:66,1
DA:67,1
DA:68,1
DA:69,1
DA:70,1
DA:71,1
DA:72,1
DA:73,3
DA:74,1
DA:75,1
DA:76,1
LF:76
LH:76
BRDA:76,0,0,1
BRDA:76,1,0,1
BRDA:76,2,0,0
BRDA:76,3,0,0
BRDA:76,4,0,0
BRDA:76,5,0,0
BRDA:76,6,0,1
BRDA:76,7,0,2
BRDA:76,8,0,2
BRDA:76,9,0,3
BRDA:76,10,0,5
BRDA:76,11,0,0
BRDA:76,12,0,3
BRDA:76,13,0,5
BRDA:76,14,0,3
BRDA:76,15,0,2
BRDA:76,16,0,6
BRDA:76,17,0,1
BRDA:76,18,0,5
BRDA:76,19,0,3
BRDA:76,20,0,5
BRDA:76,21,0,0
BRDA:76,22,0,9
BRDA:76,23,0,8
BRDA:76,24,0,8
BRDA:76,25,0,0
BRDA:76,26,0,16
BRDA:76,27,0,0
BRDA:76,28,0,0
BRDA:76,29,0,0
BRDA:76,30,0,0
BRDA:76,31,0,8
BRDA:76,32,0,8
BRDA:76,33,0,5
BRDA:76,34,0,0
BRDA:76,35,0,0
BRDA:76,36,0,3
BRDA:76,37,0,0
BRDA:76,38,0,1
BRDA:76,39,0,0
BRDA:76,40,0,0
BRDA:76,41,0,0
BRDA:76,42,0,0
BRDA:76,43,0,8
BRDA:76,44,0,6
BRDA:76,45,0,2
BRDA:76,46,0,8
BRDA:76,47,0,3
BRDA:76,48,0,2
BRDA:76,49,0,1
BRDA:76,50,0,0
BRDA:76,51,0,2
BRDA:76,52,0,0
BRDA:21,53,0,1
BRDA:22,54,0,3
BRDA:30,55,0,3
BRDA:76,56,0,3
BRDA:76,57,0,8
BRDA:32,58,0,3
BRDA:76,59,0,3
BRDA:35,60,0,1
BRDA:37,61,0,2
BRDA:76,62,0,2
BRDA:47,63,0,1
BRF:64
BRH:44
end_of_record
TN:
SF:src\modules\users\services\CreateUserService.ts
FN:53,__decorate
FN:53,__metadata
FN:53,__param
FN:53,__awaiter
FN:53,adopt
FN:53,fulfilled
FN:53,rejected
FN:53,step
FN:53,__generator
FN:53,sent
FN:53,g.<computed>
FN:53,verb
FN:53,step
FN:53,__importDefault
FN:18,CreateUserService
FN:29,CreateUserService.execute
FNF:16
FNH:14
FNDA:1,__decorate
FNDA:1,__metadata
FNDA:3,__param
FNDA:3,__awaiter
FNDA:9,adopt
FNDA:9,fulfilled
FNDA:0,rejected
FNDA:11,step
FNDA:3,__generator
FNDA:9,sent
FNDA:0,g.<computed>
FNDA:9,verb
FNDA:12,step
FNDA:1,__importDefault
FNDA:2,CreateUserService
FNDA:3,CreateUserService.execute
DA:1,1
DA:2,1
DA:3,1
DA:4,1
DA:5,1
DA:6,1
DA:7,1
DA:8,1
DA:9,1
DA:10,1
DA:11,1
DA:12,1
DA:13,1
DA:14,1
DA:15,1
DA:16,1
DA:17,1
DA:18,1
DA:19,2
DA:20,2
DA:21,2
DA:22,2
DA:23,2
DA:24,2
DA:25,2
DA:26,2
DA:27,2
DA:28,1
DA:29,1
DA:30,3
DA:31,3
DA:32,3
DA:33,3
DA:34,1
DA:35,1
DA:36,2
DA:37,2
DA:38,2
DA:39,3
DA:40,3
DA:41,3
DA:42,3
DA:43,3
DA:44,3
DA:45,3
DA:46,3
DA:47,3
DA:48,3
DA:49,3
DA:50,3
DA:51,1
DA:52,1
DA:53,1
LF:53
LH:53
BRDA:53,0,0,1
BRDA:53,1,0,1
BRDA:53,2,0,0
BRDA:53,3,0,0
BRDA:53,4,0,0
BRDA:53,5,0,0
BRDA:53,6,0,1
BRDA:53,7,0,3
BRDA:53,8,0,3
BRDA:53,9,0,3
BRDA:53,10,0,9
BRDA:53,11,0,0
BRDA:53,12,0,3
BRDA:53,13,0,9
BRDA:53,14,0,8
BRDA:53,15,0,1
BRDA:53,16,0,11
BRDA:53,17,0,2
BRDA:53,18,0,9
BRDA:53,19,0,3
BRDA:53,20,0,9
BRDA:53,21,0,0
BRDA:53,22,0,9
BRDA:53,23,0,12
BRDA:53,24,0,12
BRDA:53,25,0,0
BRDA:53,26,0,24
BRDA:53,27,0,0
BRDA:53,28,0,0
BRDA:53,29,0,0
BRDA:53,30,0,0
BRDA:53,31,0,12
BRDA:53,32,0,12
BRDA:53,33,0,9
BRDA:53,34,0,0
BRDA:53,35,0,0
BRDA:53,36,0,3
BRDA:53,37,0,0
BRDA:53,38,0,2
BRDA:53,39,0,0
BRDA:53,40,0,0
BRDA:53,41,0,0
BRDA:53,42,0,0
BRDA:53,43,0,12
BRDA:53,44,0,11
BRDA:53,45,0,1
BRDA:53,46,0,12
BRDA:53,47,0,3
BRDA:53,48,0,1
BRDA:53,49,0,2
BRDA:53,50,0,0
BRDA:53,51,0,1
BRDA:53,52,0,0
BRDA:17,53,0,1
BRDA:18,54,0,2
BRDA:29,55,0,3
BRDA:53,56,0,3
BRDA:53,57,0,12
BRDA:31,58,0,3
BRDA:53,59,0,3
BRDA:33,60,0,1
BRDA:35,61,0,2
BRDA:53,62,0,2
BRDA:53,63,0,2
BRDA:53,64,0,2
BRF:65
BRH:45
end_of_record
TN:
SF:src\modules\users\services\ResetPasswordService.ts
FN:56,__decorate
FN:56,__metadata
FN:56,__param
FN:56,__awaiter
FN:56,adopt
FN:56,fulfilled
FN:56,rejected
FN:56,step
FN:56,__generator
FN:56,sent
FN:56,g.<computed>
FN:56,verb
FN:56,step
FN:56,__importDefault
FN:17,ResetPasswordService
FN:28,ResetPasswordService.execute
FNF:16
FNH:14
FNDA:1,__decorate
FNDA:1,__metadata
FNDA:3,__param
FNDA:4,__awaiter
FNDA:9,adopt
FNDA:9,fulfilled
FNDA:0,rejected
FNDA:10,step
FNDA:4,__generator
FNDA:9,sent
FNDA:0,g.<computed>
FNDA:12,verb
FNDA:13,step
FNDA:1,__importDefault
FNDA:4,ResetPasswordService
FNDA:4,ResetPasswordService.execute
DA:1,1
DA:2,1
DA:3,1
DA:4,1
DA:5,1
DA:6,1
DA:7,1
DA:8,1
DA:9,1
DA:10,1
DA:11,1
DA:12,1
DA:13,1
DA:14,1
DA:15,1
DA:16,1
DA:17,1
DA:18,4
DA:19,4
DA:20,4
DA:21,4
DA:22,4
DA:23,4
DA:24,4
DA:25,4
DA:26,4
DA:27,1
DA:28,1
DA:29,4
DA:30,4
DA:31,4
DA:32,1
DA:33,1
DA:34,3
DA:35,3
DA:36,4
DA:37,4
DA:38,1
DA:39,1
DA:40,2
DA:41,2
DA:42,2
DA:43,2
DA:44,2
DA:45,2
DA:46,4
DA:47,1
DA:48,1
DA:49,1
DA:50,1
DA:51,4
DA:52,4
DA:53,4
DA:54,1
DA:55,1
DA:56,1
LF:56
LH:56
BRDA:56,0,0,1
BRDA:56,1,0,1
BRDA:56,2,0,0
BRDA:56,3,0,0
BRDA:56,4,0,0
BRDA:56,5,0,0
BRDA:56,6,0,1
BRDA:56,7,0,3
BRDA:56,8,0,3
BRDA:56,9,0,4
BRDA:56,10,0,9
BRDA:56,11,0,0
BRDA:56,12,0,4
BRDA:56,13,0,9
BRDA:56,14,0,6
BRDA:56,15,0,3
BRDA:56,16,0,10
BRDA:56,17,0,1
BRDA:56,18,0,9
BRDA:56,19,0,4
BRDA:56,20,0,9
BRDA:56,21,0,0
BRDA:56,22,0,12
BRDA:56,23,0,13
BRDA:56,24,0,13
BRDA:56,25,0,0
BRDA:56,26,0,26
BRDA:56,27,0,0
BRDA:56,28,0,0
BRDA:56,29,0,0
BRDA:56,30,0,0
BRDA:56,31,0,13
BRDA:56,32,0,13
BRDA:56,33,0,9
BRDA:56,34,0,0
BRDA:56,35,0,0
BRDA:56,36,0,4
BRDA:56,37,0,0
BRDA:56,38,0,1
BRDA:56,39,0,0
BRDA:56,40,0,0
BRDA:56,41,0,0
BRDA:56,42,0,0
BRDA:56,43,0,13
BRDA:56,44,0,10
BRDA:56,45,0,3
BRDA:56,46,0,13
BRDA:56,47,0,4
BRDA:56,48,0,3
BRDA:56,49,0,1
BRDA:56,50,0,0
BRDA:56,51,0,1
BRDA:56,52,0,0
BRDA:16,53,0,1
BRDA:17,54,0,4
BRDA:28,55,0,4
BRDA:56,56,0,4
BRDA:56,57,0,13
BRDA:29,58,0,4
BRDA:56,59,0,4
BRDA:31,60,0,1
BRDA:33,61,0,3
BRDA:56,62,0,3
BRDA:37,63,0,1
BRDA:39,64,0,2
BRDA:46,65,0,1
BRDA:56,66,0,1
BRDA:56,67,0,1
BRF:68
BRH:48
end_of_record
TN:
SF:src\modules\users\services\SendForgotPasswordEmailService.ts
FN:61,__decorate
FN:61,__metadata
FN:61,__param
FN:61,__awaiter
FN:61,adopt
FN:61,fulfilled
FN:61,rejected
FN:61,step
FN:61,__generator
FN:61,sent
FN:61,g.<computed>
FN:61,verb
FN:61,step
FN:61,__importDefault
FN:17,SendForgotEmailPasswordService
FN:28,SendForgotEmailPasswordService.execute
FNF:16
FNH:14
FNDA:1,__decorate
FNDA:1,__metadata
FNDA:3,__param
FNDA:3,__awaiter
FNDA:7,adopt
FNDA:7,fulfilled
FNDA:0,rejected
FNDA:9,step
FNDA:3,__generator
FNDA:7,sent
FNDA:0,g.<computed>
FNDA:9,verb
FNDA:10,step
FNDA:2,__importDefault
FNDA:3,SendForgotEmailPasswordService
FNDA:3,SendForgotEmailPasswordService.execute
DA:1,1
DA:2,1
DA:3,1
DA:4,1
DA:5,1
DA:6,1
DA:7,1
DA:8,1
DA:9,1
DA:10,1
DA:11,1
DA:12,1
DA:13,1
DA:14,1
DA:15,1
DA:16,1
DA:17,1
DA:18,3
DA:19,3
DA:20,3
DA:21,3
DA:22,3
DA:23,3
DA:24,3
DA:25,3
DA:26,3
DA:27,1
DA:28,1
DA:29,3
DA:30,3
DA:31,3
DA:32,1
DA:33,1
DA:34,2
DA:35,2
DA:36,3
DA:37,3
DA:38,3
DA:39,3
DA:40,3
DA:41,3
DA:42,3
DA:43,3
DA:44,3
DA:45,3
DA:46,3
DA:47,3
DA:48,3
DA:49,3
DA:50,3
DA:51,3
DA:52,3
DA:53,3
DA:54,3
DA:55,3
DA:56,3
DA:57,3
DA:58,3
DA:59,1
DA:60,1
DA:61,1
LF:61
LH:61
BRDA:61,0,0,1
BRDA:61,1,0,1
BRDA:61,2,0,0
BRDA:61,3,0,0
BRDA:61,4,0,0
BRDA:61,5,0,0
BRDA:61,6,0,1
BRDA:61,7,0,3
BRDA:61,8,0,3
BRDA:61,9,0,3
BRDA:61,10,0,7
BRDA:61,11,0,0
BRDA:61,12,0,3
BRDA:61,13,0,7
BRDA:61,14,0,6
BRDA:61,15,0,1
BRDA:61,16,0,9
BRDA:61,17,0,2
BRDA:61,18,0,7
BRDA:61,19,0,3
BRDA:61,20,0,7
BRDA:61,21,0,0
BRDA:61,22,0,9
BRDA:61,23,0,10
BRDA:61,24,0,10
BRDA:61,25,0,0
BRDA:61,26,0,20
BRDA:61,27,0,0
BRDA:61,28,0,0
BRDA:61,29,0,0
BRDA:61,30,0,0
BRDA:61,31,0,10
BRDA:61,32,0,10
BRDA:61,33,0,7
BRDA:61,34,0,0
BRDA:61,35,0,0
BRDA:61,36,0,3
BRDA:61,37,0,0
BRDA:61,38,0,2
BRDA:61,39,0,0
BRDA:61,40,0,0
BRDA:61,41,0,0
BRDA:61,42,0,0
BRDA:61,43,0,10
BRDA:61,44,0,9
BRDA:61,45,0,1
BRDA:61,46,0,10
BRDA:61,47,0,3
BRDA:61,48,0,1
BRDA:61,49,0,2
BRDA:61,50,0,0
BRDA:61,51,0,2
BRDA:61,52,0,1
BRDA:61,53,0,1
BRDA:16,54,0,1
BRDA:17,55,0,3
BRDA:28,56,0,3
BRDA:61,57,0,3
BRDA:61,58,0,10
BRDA:29,59,0,3
BRDA:61,60,0,3
BRDA:31,61,0,1
BRDA:33,62,0,2
BRDA:61,63,0,2
BRDA:61,64,0,2
BRF:65
BRH:46
end_of_record
TN:
SF:src\modules\users\services\ShowProfileService.ts
FN:31,__decorate
FN:31,__metadata
FN:31,__param
FN:31,__awaiter
FN:31,adopt
FN:31,fulfilled
FN:31,rejected
FN:31,step
FN:31,__generator
FN:31,sent
FN:31,g.<computed>
FN:31,verb
FN:31,step
FN:31,__importDefault
FN:15,ShowProfileService
FN:20,ShowProfileService.execute
FNF:16
FNH:14
FNDA:1,__decorate
FNDA:1,__metadata
FNDA:1,__param
FNDA:2,__awaiter
FNDA:2,adopt
FNDA:2,fulfilled
FNDA:0,rejected
FNDA:3,step
FNDA:2,__generator
FNDA:2,sent
FNDA:0,g.<computed>
FNDA:6,verb
FNDA:4,step
FNDA:1,__importDefault
FNDA:2,ShowProfileService
FNDA:2,ShowProfileService.execute
DA:1,1
DA:2,1
DA:3,1
DA:4,1
DA:5,1
DA:6,1
DA:7,1
DA:8,1
DA:9,1
DA:10,1
DA:11,1
DA:12,1
DA:13,1
DA:14,1
DA:15,1
DA:16,2
DA:17,2
DA:18,2
DA:19,1
DA:20,1
DA:21,2
DA:22,2
DA:23,2
DA:24,1
DA:25,1
DA:26,1
DA:27,1
DA:28,2
DA:29,1
DA:30,1
DA:31,1
LF:31
LH:31
BRDA:31,0,0,1
BRDA:31,1,0,1
BRDA:31,2,0,0
BRDA:31,3,0,0
BRDA:31,4,0,0
BRDA:31,5,0,0
BRDA:31,6,0,1
BRDA:31,7,0,1
BRDA:31,8,0,1
BRDA:31,9,0,2
BRDA:31,10,0,2
BRDA:31,11,0,0
BRDA:31,12,0,2
BRDA:31,13,0,2
BRDA:31,14,0,1
BRDA:31,15,0,3
BRDA:31,16,0,1
BRDA:31,17,0,2
BRDA:31,18,0,2
BRDA:31,19,0,2
BRDA:31,20,0,0
BRDA:31,21,0,6
BRDA:31,22,0,4
BRDA:31,23,0,4
BRDA:31,24,0,0
BRDA:31,25,0,8
BRDA:31,26,0,0
BRDA:31,27,0,0
BRDA:31,28,0,0
BRDA:31,29,0,0
BRDA:31,30,0,4
BRDA:31,31,0,4
BRDA:31,32,0,2
BRDA:31,33,0,0
BRDA:31,34,0,0
BRDA:31,35,0,2
BRDA:31,36,0,0
BRDA:31,37,0,1
BRDA:31,38,0,0
BRDA:31,39,0,0
BRDA:31,40,0,0
BRDA:31,41,0,0
BRDA:31,42,0,4
BRDA:31,43,0,3
BRDA:31,44,0,1
BRDA:31,45,0,4
BRDA:31,46,0,2
BRDA:31,47,0,1
BRDA:31,48,0,0
BRDA:31,49,0,1
BRDA:31,50,0,0
BRDA:13,51,0,1
BRDA:15,52,0,2
BRDA:20,53,0,2
BRDA:31,54,0,2
BRDA:31,55,0,4
BRDA:21,56,0,2
BRDA:31,57,0,2
BRDA:23,58,0,1
BRF:59
BRH:39
end_of_record
TN:
SF:src\modules\users\services\UpdateProfileService.ts
FN:75,__decorate
FN:75,__metadata
FN:75,__param
FN:75,__awaiter
FN:75,adopt
FN:75,fulfilled
FN:75,rejected
FN:75,step
FN:75,__generator
FN:75,sent
FN:75,g.<computed>
FN:75,verb
FN:75,step
FN:75,__importDefault
FN:20,UpdateProfileService
FN:28,UpdateProfileService.execute
FNF:16
FNH:14
FNDA:1,__decorate
FNDA:1,__metadata
FNDA:2,__param
FNDA:6,__awaiter
FNDA:14,adopt
FNDA:14,fulfilled
FNDA:0,rejected
FNDA:16,step
FNDA:6,__generator
FNDA:14,sent
FNDA:0,g.<computed>
FNDA:18,verb
FNDA:20,step
FNDA:1,__importDefault
FNDA:6,UpdateProfileService
FNDA:6,UpdateProfileService.execute
DA:1,1
DA:2,1
DA:3,1
DA:4,1
DA:5,1
DA:6,1
DA:7,1
DA:8,1
DA:9,1
DA:10,1
DA:11,1
DA:12,1
DA:13,1
DA:14,1
DA:15,1
DA:16,1
DA:17,1
DA:18,1
DA:19,1
DA:20,1
DA:21,6
DA:22,6
DA:23,6
DA:24,6
DA:25,6
DA:26,6
DA:27,1
DA:28,1
DA:29,6
DA:30,6
DA:31,6
DA:32,6
DA:33,6
DA:34,6
DA:35,6
DA:36,6
DA:37,6
DA:38,1
DA:39,1
DA:40,5
DA:41,5
DA:42,5
DA:43,5
DA:44,6
DA:45,6
DA:46,6
DA:47,1
DA:48,1
DA:49,4
DA:50,4
DA:51,4
DA:52,4
DA:53,6
DA:54,1
DA:55,1
DA:56,1
DA:57,1
DA:58,3
DA:59,6
DA:60,2
DA:61,2
DA:62,2
DA:63,2
DA:64,6
DA:65,6
DA:66,1
DA:67,1
DA:68,1
DA:69,6
DA:70,6
DA:71,6
DA:72,6
DA:73,1
DA:74,1
DA:75,1
LF:75
LH:75
BRDA:75,0,0,1
BRDA:75,1,0,1
BRDA:75,2,0,0
BRDA:75,3,0,0
BRDA:75,4,0,0
BRDA:75,5,0,0
BRDA:75,6,0,1
BRDA:75,7,0,2
BRDA:75,8,0,2
BRDA:75,9,0,6
BRDA:75,10,0,14
BRDA:75,11,0,0
BRDA:75,12,0,6
BRDA:75,13,0,14
BRDA:75,14,0,10
BRDA:75,15,0,4
BRDA:75,16,0,16
BRDA:75,17,0,2
BRDA:75,18,0,14
BRDA:75,19,0,6
BRDA:75,20,0,14
BRDA:75,21,0,0
BRDA:75,22,0,18
BRDA:75,23,0,20
BRDA:75,24,0,20
BRDA:75,25,0,0
BRDA:75,26,0,41
BRDA:75,27,0,0
BRDA:75,28,0,0
BRDA:75,29,0,0
BRDA:75,30,0,0
BRDA:75,31,0,20
BRDA:75,32,0,20
BRDA:75,33,0,14
BRDA:75,34,0,0
BRDA:75,35,0,0
BRDA:75,36,0,7
BRDA:75,37,0,0
BRDA:75,38,0,3
BRDA:75,39,0,6
BRDA:75,40,0,1
BRDA:75,41,0,0
BRDA:75,42,0,1
BRDA:75,43,0,0
BRDA:75,44,0,0
BRDA:75,45,0,0
BRDA:75,46,0,21
BRDA:75,47,0,17
BRDA:75,48,0,4
BRDA:75,49,0,21
BRDA:75,50,0,6
BRDA:75,51,0,4
BRDA:75,52,0,2
BRDA:75,53,0,0
BRDA:75,54,0,1
BRDA:75,55,0,0
BRDA:18,56,0,1
BRDA:20,57,0,6
BRDA:28,58,0,6
BRDA:75,59,0,6
BRDA:75,60,0,21
BRDA:35,61,0,6
BRDA:75,62,0,6
BRDA:37,63,0,1
BRDA:39,64,0,5
BRDA:75,65,0,5
BRDA:46,66,0,1
BRDA:46,67,0,1
BRDA:48,68,0,4
BRDA:53,69,0,3
BRDA:53,70,0,1
BRDA:57,71,0,3
BRDA:59,72,0,2
BRDA:59,73,0,1
BRDA:59,74,0,2
BRDA:75,75,0,2
BRDA:65,76,0,1
BRDA:75,77,0,1
BRDA:71,78,0,2
BRF:79
BRH:59
end_of_record
TN:
SF:src\modules\users\services\UpdateUserAvatarService.ts
FN:57,__decorate
FN:57,__metadata
FN:57,__param
FN:57,__awaiter
FN:57,adopt
FN:57,fulfilled
FN:57,rejected
FN:57,step
FN:57,__generator
FN:57,sent
FN:57,g.<computed>
FN:57,verb
FN:57,step
FN:57,__importDefault
FN:20,UpdateUserAvatarService
FN:28,UpdateUserAvatarService.execute
FNF:16
FNH:14
FNDA:1,__decorate
FNDA:1,__metadata
FNDA:2,__param
FNDA:4,__awaiter
FNDA:11,adopt
FNDA:11,fulfilled
FNDA:0,rejected
FNDA:14,step
FNDA:4,__generator
FNDA:11,sent
FNDA:0,g.<computed>
FNDA:12,verb
FNDA:15,step
FNDA:1,__importDefault
FNDA:3,UpdateUserAvatarService
FNDA:4,UpdateUserAvatarService.execute
DA:1,1
DA:2,1
DA:3,1
DA:4,1
DA:5,1
DA:6,1
DA:7,1
DA:8,1
DA:9,1
DA:10,1
DA:11,1
DA:12,1
DA:13,1
DA:14,1
DA:15,1
DA:16,1
DA:17,1
DA:18,1
DA:19,1
DA:20,1
DA:21,3
DA:22,3
DA:23,3
DA:24,3
DA:25,3
DA:26,3
DA:27,1
DA:28,1
DA:29,4
DA:30,4
DA:31,4
DA:32,4
DA:33,1
DA:34,1
DA:35,1
DA:36,1
DA:37,1
DA:38,3
DA:39,3
DA:40,3
DA:41,1
DA:42,1
DA:43,4
DA:44,4
DA:45,4
DA:46,4
DA:47,4
DA:48,4
DA:49,4
DA:50,4
DA:51,4
DA:52,4
DA:53,4
DA:54,4
DA:55,1
DA:56,1
DA:57,1
LF:57
LH:57
BRDA:57,0,0,1
BRDA:57,1,0,1
BRDA:57,2,0,0
BRDA:57,3,0,0
BRDA:57,4,0,0
BRDA:57,5,0,0
BRDA:57,6,0,1
BRDA:57,7,0,2
BRDA:57,8,0,2
BRDA:57,9,0,4
BRDA:57,10,0,11
BRDA:57,11,0,0
BRDA:57,12,0,4
BRDA:57,13,0,11
BRDA:57,14,0,10
BRDA:57,15,0,1
BRDA:57,16,0,14
BRDA:57,17,0,3
BRDA:57,18,0,11
BRDA:57,19,0,4
BRDA:57,20,0,11
BRDA:57,21,0,0
BRDA:57,22,0,12
BRDA:57,23,0,15
BRDA:57,24,0,15
BRDA:57,25,0,0
BRDA:57,26,0,32
BRDA:57,27,0,0
BRDA:57,28,0,0
BRDA:57,29,0,0
BRDA:57,30,0,0
BRDA:57,31,0,15
BRDA:57,32,0,15
BRDA:57,33,0,11
BRDA:57,34,0,0
BRDA:57,35,0,0
BRDA:57,36,0,6
BRDA:57,37,0,0
BRDA:57,38,0,5
BRDA:57,39,0,4
BRDA:57,40,0,2
BRDA:57,41,0,0
BRDA:57,42,0,2
BRDA:57,43,0,0
BRDA:57,44,0,0
BRDA:57,45,0,0
BRDA:57,46,0,17
BRDA:57,47,0,16
BRDA:57,48,0,1
BRDA:57,49,0,17
BRDA:57,50,0,4
BRDA:57,51,0,1
BRDA:57,52,0,3
BRDA:57,53,0,0
BRDA:57,54,0,1
BRDA:57,55,0,0
BRDA:18,56,0,1
BRDA:20,57,0,3
BRDA:28,58,0,4
BRDA:57,59,0,4
BRDA:57,60,0,17
BRDA:30,61,0,4
BRDA:57,62,0,4
BRDA:32,63,0,1
BRDA:37,64,0,3
BRDA:40,65,0,2
BRDA:40,66,0,1
BRDA:57,67,0,1
BRDA:46,68,0,3
BRDA:57,69,0,3
BRDA:57,70,0,3
BRF:71
BRH:51
end_of_record
